<?xml version="1.0" encoding="UTF-8"?>
<!-- Generated by org.testng.reporters.JUnitReportReporter -->
<testsuite skipped="0" hostname="DESKTOP-QVFL7QP" name="com.revature.runner.TestRunner" tests="3" failures="0" timestamp="2022-08-10T14:25:14 EDT" time="8.696" errors="3">
  <testcase name="runScenario" time="2.723" classname="com.revature.runner.TestRunner">
    <error type="java.lang.NullPointerException">
      <![CDATA[java.lang.NullPointerException
at com.revature.pages.AddRequestPage.selectWarrantyType(AddRequestPage.java:53)
at com.revature.steps.AddRequestSteps.iChooseATypeOfType(AddRequestSteps.java:47)
at ✽.I choose a type of "hospital bed"(file:///C:/Users/Redux/Project2/Project2_testing/project-2-testing/src/test/resources/add_request.feature:13)
]]>
    </error>
  </testcase> <!-- runScenario -->
  <system-out/>
  <testcase name="runScenario" time="2.651" classname="com.revature.runner.TestRunner">
    <error type="java.lang.NullPointerException">
      <![CDATA[java.lang.NullPointerException
at com.revature.pages.AddRequestPage.selectWarrantyType(AddRequestPage.java:53)
at com.revature.steps.AddRequestSteps.iChooseATypeOfType(AddRequestSteps.java:47)
at ✽.I choose a type of "MRI"(file:///C:/Users/Redux/Project2/Project2_testing/project-2-testing/src/test/resources/add_request.feature:13)
]]>
    </error>
  </testcase> <!-- runScenario -->
  <system-out/>
  <testcase name="runScenario" time="3.322" classname="com.revature.runner.TestRunner">
    <error type="java.lang.NullPointerException">
      <![CDATA[java.lang.NullPointerException
at com.revature.pages.AddRequestPage.selectWarrantyType(AddRequestPage.java:53)
at com.revature.steps.AddRequestSteps.iChooseATypeOfType(AddRequestSteps.java:47)
at ✽.I choose a type of "syringes"(file:///C:/Users/Redux/Project2/Project2_testing/project-2-testing/src/test/resources/add_request.feature:13)
]]>
    </error>
  </testcase> <!-- runScenario -->
  <system-out/>
</testsuite> <!-- com.revature.runner.TestRunner -->
